<?xml version="1.0" encoding="UTF-8"?>
<!-- Generated by org.testng.reporters.JUnitReportReporter -->
<testsuite hostname="LAPTOP-P44HMN12" failures="0" tests="6" name="com.seleniumproject.AdminTab" time="4.387" errors="0" timestamp="2022-01-31T20:49:38 SAST" skipped="0">
  <testcase classname="com.seleniumproject.AdminTab" name="admintap" time="4.226"/>
  <system-out/>
  <testcase classname="com.seleniumproject.AdminTab" name="Validate_adminUrl" time="0.007"/>
  <system-out/>
  <testcase classname="com.seleniumproject.AdminTab" name="validateAdd" time="0.043"/>
  <system-out/>
  <testcase classname="com.seleniumproject.AdminTab" name="validateDelete" time="0.034"/>
  <system-out/>
  <testcase classname="com.seleniumproject.AdminTab" name="validateSearch" time="0.040"/>
  <system-out/>
  <testcase classname="com.seleniumproject.AdminTab" name="validateReset" time="0.037"/>
  <system-out/>
</testsuite> <!-- com.seleniumproject.AdminTab -->
