<?xml version="1.0" encoding="UTF-8"?>
<!-- Generated by org.testng.reporters.JUnitReportReporter -->
<testsuite hostname="LAPTOP-P44HMN12" failures="0" tests="1" name="com.seleniumproject.PageTitle" time="5.978" errors="0" timestamp="2022-01-31T20:49:38 SAST" skipped="0">
  <testcase classname="com.seleniumproject.PageTitle" name="first_test" time="5.978"/>
  <system-out/>
</testsuite> <!-- com.seleniumproject.PageTitle -->
