<?xml version="1.0" encoding="UTF-8"?>
<!-- Generated by org.testng.reporters.JUnitReportReporter -->
<testsuite hostname="LAPTOP-P44HMN12" failures="0" tests="4" name="com.seleniumproject.Login" time="6.075" errors="0" timestamp="2022-01-31T20:49:38 SAST" skipped="0">
  <testcase classname="com.seleniumproject.Login" name="login" time="5.936"/>
  <system-out/>
  <testcase classname="com.seleniumproject.Login" name="Valid_url" time="0.015"/>
  <system-out/>
  <testcase classname="com.seleniumproject.Login" name="check_admin" time="0.071"/>
  <system-out/>
  <testcase classname="com.seleniumproject.Login" name="check_welcome" time="0.053"/>
  <system-out/>
</testsuite> <!-- com.seleniumproject.Login -->
