<?xml version="1.0" encoding="UTF-8"?>
<!-- Generated by org.testng.reporters.JUnitReportReporter -->
<testsuite hostname="LAPTOP-P44HMN12" failures="0" tests="2" name="com.seleniumproject.FillInDetails" time="3.073" errors="0" timestamp="2022-01-31T20:49:38 SAST" skipped="0">
  <testcase classname="com.seleniumproject.FillInDetails" name="enter_info" time="2.999"/>
  <system-out/>
  <testcase classname="com.seleniumproject.FillInDetails" name="validate_status" time="0.074"/>
  <system-out/>
</testsuite> <!-- com.seleniumproject.FillInDetails -->
