<?xml version="1.0" encoding="UTF-8"?>
<!-- Generated by org.testng.reporters.JUnitReportReporter -->
<testsuite hostname="LAPTOP-P44HMN12" failures="0" tests="1" name="com.seleniumproject.DeleteButton" time="6.550" errors="0" timestamp="2022-01-31T20:49:38 SAST" skipped="0">
  <testcase classname="com.seleniumproject.DeleteButton" name="delete_record" time="6.550"/>
  <system-out/>
</testsuite> <!-- com.seleniumproject.DeleteButton -->
