<?xml version="1.0" encoding="UTF-8"?>
<!-- Generated by org.testng.reporters.JUnitReportReporter -->
<testsuite hostname="LAPTOP-P44HMN12" failures="0" tests="3" name="com.seleniumproject.AddButton" time="4.002" errors="0" timestamp="2022-01-31T20:49:38 SAST" skipped="0">
  <testcase classname="com.seleniumproject.AddButton" name="clickadd" time="3.946"/>
  <system-out/>
  <testcase classname="com.seleniumproject.AddButton" name="validate_addbtnUrl" time="0.014"/>
  <system-out/>
  <testcase classname="com.seleniumproject.AddButton" name="validateAdd" time="0.042"/>
  <system-out/>
</testsuite> <!-- com.seleniumproject.AddButton -->
